<?xml version="1.0" encoding="UTF-8"?>
<testsuite xmlns:xsi="http://www.w3.org/2001/XMLSchema-instance" xsi:noNamespaceSchemaLocation="https://maven.apache.org/surefire/maven-surefire-plugin/xsd/surefire-test-report-3.0.xsd" version="3.0" name="MyAccount-Login Feature" time="28.145" tests="2" errors="0" skipped="0" failures="2">
  <properties>
[...]
</properties>
  <testcase name="TC01_Log-in with valid username and password" classname="MyAccount-Login Feature" time="14.955">
    <failure message="expected:&lt;true&gt; but was:&lt;false&gt;" type="java.lang.AssertionError"><![CDATA[java.lang.AssertionError: expected:<true> but was:<false>
]]></failure>
    <system-out><![CDATA[SLF4J: Failed to load class "org.slf4j.impl.StaticLoggerBinder".
SLF4J: Defaulting to no-operation (NOP) logger implementation
SLF4J: See http://www.slf4j.org/codes.html#StaticLoggerBinder for further details.


Failed scenarios:


file:///P:/Practice/Prcatice1/P2-PavanTrainingCucumber/src/test/resources/features/MyAccount_Login.feature:6 # TC01_Log-in with valid username and password


file:///P:/Practice/Prcatice1/P2-PavanTrainingCucumber/src/test/resources/features/MyAccount_Login.feature:16 # TC02_DATATABLE example




2
 Scenarios (
2 failed
)


12
 Steps (
2 failed
, 
10 passed
)


0m
28.320s






java.lang.AssertionError: expected:<true> but was:<false>


	at org.junit.Assert.fail(Assert.java:89)


	at org.junit.Assert.failNotEquals(Assert.java:835)


	at org.junit.Assert.assertEquals(Assert.java:120)


	at org.junit.Assert.assertEquals(Assert.java:146)


	at steps.MyAccountLoginSteps.verifyUserLogin(MyAccountLoginSteps.java:83)


	at steps.MyAccountLoginSteps$ByteBuddy$J6zrTS7v.verifyUserLogin$accessor$DVawJI2C(Unknown Source)


	at sun.reflect.NativeMethodAccessorImpl.invoke0(Native Method)


	at sun.reflect.NativeMethodAccessorImpl.invoke(NativeMethodAccessorImpl.java:62)


	at sun.reflect.DelegatingMethodAccessorImpl.invoke(DelegatingMethodAccessorImpl.java:43)


	at java.lang.reflect.Method.invoke(Method.java:498)


	at net.thucydides.core.steps.StepInterceptor.invokeMethod(StepInterceptor.java:492)


	at net.thucydides.core.steps.StepInterceptor.executeTestStepMethod(StepInterceptor.java:472)


	at net.thucydides.core.steps.StepInterceptor.runTestStep(StepInterceptor.java:445)


	at net.thucydides.core.steps.StepInterceptor.runOrSkipMethod(StepInterceptor.java:201)


	at net.thucydides.core.steps.StepInterceptor.testStepResult(StepInterceptor.java:188)


	at net.thucydides.core.steps.StepInterceptor.intercept(StepInterceptor.java:76)


	at net.thucydides.core.steps.ProxyConfiguration$InterceptorDispatcher.intercept(ProxyConfiguration.java:51)


	at steps.MyAccountLoginSteps$ByteBuddy$J6zrTS7v.verifyUserLogin(Unknown Source)


	at stepdefs.MyAccountLoginStepDefinitions.user_must_successfully_login_to_the_web_page(MyAccountLoginStepDefinitions.java:54)


	at ?.User must successfully login to the web page(file:///P:/Practice/Prcatice1/P2-PavanTrainingCucumber/src/test/resources/features/MyAccount_Login.feature:12)




java.lang.AssertionError: expected:<true> but was:<false>


	at org.junit.Assert.fail(Assert.java:89)


	at org.junit.Assert.failNotEquals(Assert.java:835)


	at org.junit.Assert.assertEquals(Assert.java:120)


	at org.junit.Assert.assertEquals(Assert.java:146)


	at steps.MyAccountLoginSteps.verifyUserLogin(MyAccountLoginSteps.java:83)


	at steps.MyAccountLoginSteps$ByteBuddy$J6zrTS7v.verifyUserLogin$accessor$DVawJI2C(Unknown Source)


	at sun.reflect.NativeMethodAccessorImpl.invoke0(Native Method)


	at sun.reflect.NativeMethodAccessorImpl.invoke(NativeMethodAccessorImpl.java:62)


	at sun.reflect.DelegatingMethodAccessorImpl.invoke(DelegatingMethodAccessorImpl.java:43)


	at java.lang.reflect.Method.invoke(Method.java:498)


	at net.thucydides.core.steps.StepInterceptor.invokeMethod(StepInterceptor.java:492)


	at net.thucydides.core.steps.StepInterceptor.executeTestStepMethod(StepInterceptor.java:472)


	at net.thucydides.core.steps.StepInterceptor.runTestStep(StepInterceptor.java:445)


	at net.thucydides.core.steps.StepInterceptor.runOrSkipMethod(StepInterceptor.java:201)


	at net.thucydides.core.steps.StepInterceptor.testStepResult(StepInterceptor.java:188)


	at net.thucydides.core.steps.StepInterceptor.intercept(StepInterceptor.java:76)


	at net.thucydides.core.steps.ProxyConfiguration$InterceptorDispatcher.intercept(ProxyConfiguration.java:51)


	at steps.MyAccountLoginSteps$ByteBuddy$J6zrTS7v.verifyUserLogin(Unknown Source)


	at stepdefs.MyAccountLoginStepDefinitions.user_must_successfully_login_to_the_web_page(MyAccountLoginStepDefinitions.java:54)


	at ?.User must successfully login to the web page(file:///P:/Practice/Prcatice1/P2-PavanTrainingCucumber/src/test/resources/features/MyAccount_Login.feature:31)







@simpleTest
Scenario: TC01_Log-in with valid username and password            # src/test/resources/features/MyAccount_Login.feature:6
  Given Open the browser                                          # stepdefs.MyAccountLoginStepDefinitions.open_the_browser()
  When User Enter the URL "http://practice.automationtesting.in/" # stepdefs.MyAccountLoginStepDefinitions.enter_the_URL(java.lang.String)
  And Click on My Account Menu                                    # stepdefs.MyAccountLoginStepDefinitions.click_on_My_Account_Menu()
  And Enter registered username and password                      # stepdefs.MyAccountLoginStepDefinitions.enter_registered_username_and_password()
  And Click on login button                                       # stepdefs.MyAccountLoginStepDefinitions.click_on_login_button()
  Then User must successfully login to the web page               # stepdefs.MyAccountLoginStepDefinitions.user_must_successfully_login_to_the_web_page()
      java.lang.AssertionError: expected:<true> but was:<false>
	at org.junit.Assert.fail(Assert.java:89)
	at org.junit.Assert.failNotEquals(Assert.java:835)
	at org.junit.Assert.assertEquals(Assert.java:120)
	at org.junit.Assert.assertEquals(Assert.java:146)
	at steps.MyAccountLoginSteps.verifyUserLogin(MyAccountLoginSteps.java:83)
	at steps.MyAccountLoginSteps$ByteBuddy$J6zrTS7v.verifyUserLogin$accessor$DVawJI2C(Unknown Source)
	at sun.reflect.NativeMethodAccessorImpl.invoke0(Native Method)
	at sun.reflect.NativeMethodAccessorImpl.invoke(NativeMethodAccessorImpl.java:62)
	at sun.reflect.DelegatingMethodAccessorImpl.invoke(DelegatingMethodAccessorImpl.java:43)
	at java.lang.reflect.Method.invoke(Method.java:498)
	at net.thucydides.core.steps.StepInterceptor.invokeMethod(StepInterceptor.java:492)
	at net.thucydides.core.steps.StepInterceptor.executeTestStepMethod(StepInterceptor.java:472)
	at net.thucydides.core.steps.StepInterceptor.runTestStep(StepInterceptor.java:445)
	at net.thucydides.core.steps.StepInterceptor.runOrSkipMethod(StepInterceptor.java:201)
	at net.thucydides.core.steps.StepInterceptor.testStepResult(StepInterceptor.java:188)
	at net.thucydides.core.steps.StepInterceptor.intercept(StepInterceptor.java:76)
	at net.thucydides.core.steps.ProxyConfiguration$InterceptorDispatcher.intercept(ProxyConfiguration.java:51)
	at steps.MyAccountLoginSteps$ByteBuddy$J6zrTS7v.verifyUserLogin(Unknown Source)
	at stepdefs.MyAccountLoginStepDefinitions.user_must_successfully_login_to_the_web_page(MyAccountLoginStepDefinitions.java:54)
	at âœ½.User must successfully login to the web page(file:///P:/Practice/Prcatice1/P2-PavanTrainingCucumber/src/test/resources/features/MyAccount_Login.feature:12)

]]></system-out>
    <system-err><![CDATA[Starting ChromeDriver 92.0.4515.107 (87a818b10553a07434ea9e2b6dccf3cbe7895134-refs/branch-heads/4515@{#1634}) on port 14428
Only local connections are allowed.
Please see https://chromedriver.chromium.org/security-considerations for suggestions on keeping ChromeDriver safe.
ChromeDriver was started successfully.
Sep 01, 2021 7:25:02 PM org.openqa.selenium.remote.ProtocolHandshake createSession
INFO: Detected dialect: W3C
Sep 01, 2021 7:25:02 PM org.openqa.selenium.devtools.CdpVersionFinder findNearestMatch
WARNING: Unable to find an exact match for CDP version 92, so returning the closest version found: 91
Sep 01, 2021 7:25:02 PM org.openqa.selenium.devtools.CdpVersionFinder findNearestMatch
INFO: Found CDP implementation for version 92 of 91
]]></system-err>
  </testcase>
  <testcase name="TC02_DATATABLE example" classname="MyAccount-Login Feature" time="13.009">
    <failure message="expected:&lt;true&gt; but was:&lt;false&gt;" type="java.lang.AssertionError"><![CDATA[java.lang.AssertionError: expected:<true> but was:<false>
]]></failure>
    <system-out><![CDATA[
@DataTableTest
Scenario: TC02_DATATABLE example                    # src/test/resources/features/MyAccount_Login.feature:16
  Given Open the browser                            # stepdefs.MyAccountLoginStepDefinitions.open_the_browser()
  When User Enter the URL                           # stepdefs.MyAccountLoginStepDefinitions.userEnterTheURL()
  And Click on My Account Menu                      # stepdefs.MyAccountLoginStepDefinitions.click_on_My_Account_Menu()
Step argument class io.cucumber.core.gherkin.messages.GherkinMessagesDataTableArgument
  And user enters registered username and password  # stepdefs.MyAccountLoginStepDefinitions.userEntersRegisteredUsernameAndPassword(io.cucumber.datatable.DataTable)
  And Click on login button                         # stepdefs.MyAccountLoginStepDefinitions.click_on_login_button()
  Then User must successfully login to the web page # stepdefs.MyAccountLoginStepDefinitions.user_must_successfully_login_to_the_web_page()
      java.lang.AssertionError: expected:<true> but was:<false>
	at org.junit.Assert.fail(Assert.java:89)
	at org.junit.Assert.failNotEquals(Assert.java:835)
	at org.junit.Assert.assertEquals(Assert.java:120)
	at org.junit.Assert.assertEquals(Assert.java:146)
	at steps.MyAccountLoginSteps.verifyUserLogin(MyAccountLoginSteps.java:83)
	at steps.MyAccountLoginSteps$ByteBuddy$J6zrTS7v.verifyUserLogin$accessor$DVawJI2C(Unknown Source)
	at sun.reflect.NativeMethodAccessorImpl.invoke0(Native Method)
	at sun.reflect.NativeMethodAccessorImpl.invoke(NativeMethodAccessorImpl.java:62)
	at sun.reflect.DelegatingMethodAccessorImpl.invoke(DelegatingMethodAccessorImpl.java:43)
	at java.lang.reflect.Method.invoke(Method.java:498)
	at net.thucydides.core.steps.StepInterceptor.invokeMethod(StepInterceptor.java:492)
	at net.thucydides.core.steps.StepInterceptor.executeTestStepMethod(StepInterceptor.java:472)
	at net.thucydides.core.steps.StepInterceptor.runTestStep(StepInterceptor.java:445)
	at net.thucydides.core.steps.StepInterceptor.runOrSkipMethod(StepInterceptor.java:201)
	at net.thucydides.core.steps.StepInterceptor.testStepResult(StepInterceptor.java:188)
	at net.thucydides.core.steps.StepInterceptor.intercept(StepInterceptor.java:76)
	at net.thucydides.core.steps.ProxyConfiguration$InterceptorDispatcher.intercept(ProxyConfiguration.java:51)
	at steps.MyAccountLoginSteps$ByteBuddy$J6zrTS7v.verifyUserLogin(Unknown Source)
	at stepdefs.MyAccountLoginStepDefinitions.user_must_successfully_login_to_the_web_page(MyAccountLoginStepDefinitions.java:54)
	at âœ½.User must successfully login to the web page(file:///P:/Practice/Prcatice1/P2-PavanTrainingCucumber/src/test/resources/features/MyAccount_Login.feature:31)

]]></system-out>
    <system-err><![CDATA[Starting ChromeDriver 92.0.4515.107 (87a818b10553a07434ea9e2b6dccf3cbe7895134-refs/branch-heads/4515@{#1634}) on port 7219
Only local connections are allowed.
Please see https://chromedriver.chromium.org/security-considerations for suggestions on keeping ChromeDriver safe.
ChromeDriver was started successfully.
Sep 01, 2021 7:25:15 PM org.openqa.selenium.remote.ProtocolHandshake createSession
INFO: Detected dialect: W3C
Sep 01, 2021 7:25:15 PM org.openqa.selenium.devtools.CdpVersionFinder findNearestMatch
WARNING: Unable to find an exact match for CDP version 92, so returning the closest version found: 91
Sep 01, 2021 7:25:15 PM org.openqa.selenium.devtools.CdpVersionFinder findNearestMatch
INFO: Found CDP implementation for version 92 of 91
]]></system-err>
  </testcase>
</testsuite>